<?xml version="1.0" encoding="UTF-8"?>
<!-- Generated by org.testng.reporters.JUnitReportReporter -->
<testsuite skipped="0" hostname="LAPTOP-K171VAOP" name="com.ba.Task.tests.TravelPageTest" tests="6" failures="0" timestamp="2022-05-06T14:45:47 IST" time="86.039" errors="0">
  <testcase name="TravelpageTitleTests" time="0.244" classname="com.ba.Task.tests.TravelPageTest"/>
  <system-out/>
  <testcase name="TravlePageTest" time="5.266" classname="com.ba.Task.tests.TravelPageTest"/>
  <system-out/>
  <testcase name="SelectFirstDate" time="14.006" classname="com.ba.Task.tests.TravelPageTest"/>
  <system-out/>
  <testcase name="selectTraveller" time="9.164" classname="com.ba.Task.tests.TravelPageTest"/>
  <system-out/>
  <testcase name="searchbtn" time="1.807" classname="com.ba.Task.tests.TravelPageTest"/>
  <system-out/>
  <testcase name="searchClick" time="55.552" classname="com.ba.Task.tests.TravelPageTest"/>
  <system-out/>
</testsuite> <!-- com.ba.Task.tests.TravelPageTest -->
