<?xml version="1.0" encoding="UTF-8"?>
<!-- Generated by org.testng.reporters.JUnitReportReporter -->
<testsuite skipped="0" hostname="LAPTOP-K171VAOP" name="com.ba.Task.tests.BookingPageTest" tests="12" failures="0" timestamp="2022-05-05T15:01:06 IST" time="93.298" errors="0">
  <testcase name="selectAmount" time="10.955" classname="com.ba.Task.tests.BookingPageTest"/>
  <system-out/>
  <testcase name="ischeckaAmountExist" time="1.662" classname="com.ba.Task.tests.BookingPageTest"/>
  <system-out/>
  <testcase name="ischeckaRatingExist" time="1.755" classname="com.ba.Task.tests.BookingPageTest"/>
  <system-out/>
  <testcase name="selectGuestRating" time="8.759" classname="com.ba.Task.tests.BookingPageTest"/>
  <system-out/>
  <testcase name="isCheckLunchincluded" time="1.693" classname="com.ba.Task.tests.BookingPageTest"/>
  <system-out/>
  <testcase name="selectLunch" time="8.589" classname="com.ba.Task.tests.BookingPageTest"/>
  <system-out/>
  <testcase name="isCheckDinnerincluded" time="1.650" classname="com.ba.Task.tests.BookingPageTest"/>
  <system-out/>
  <testcase name="selectDinner" time="8.407" classname="com.ba.Task.tests.BookingPageTest"/>
  <system-out/>
  <testcase name="selectDropdown" time="8.511" classname="com.ba.Task.tests.BookingPageTest"/>
  <system-out/>
  <testcase name="selectHotelList" time="0.122" classname="com.ba.Task.tests.BookingPageTest"/>
  <system-out/>
  <testcase name="cheapesthotels" time="1.630" classname="com.ba.Task.tests.BookingPageTest"/>
  <system-out/>
  <testcase name="clickCheapestHotel" time="39.565" classname="com.ba.Task.tests.BookingPageTest"/>
  <system-out/>
</testsuite> <!-- com.ba.Task.tests.BookingPageTest -->
